{"total": {"lines":{"total":7076,"covered":1076,"skipped":0,"pct":15.2},"statements":{"total":7304,"covered":1078,"skipped":0,"pct":14.75},"functions":{"total":2654,"covered":207,"skipped":0,"pct":7.79},"branches":{"total":2061,"covered":98,"skipped":0,"pct":4.75},"branchesTrue":{"total":0,"covered":0,"skipped":0,"pct":100}}
,"/home/runner/work/app/app/src/test.ts": {"lines":{"total":1,"covered":1,"skipped":0,"pct":100},"functions":{"total":0,"covered":0,"skipped":0,"pct":100},"statements":{"total":1,"covered":1,"skipped":0,"pct":100},"branches":{"total":0,"covered":0,"skipped":0,"pct":100}}
,"/home/runner/work/app/app/src/zone-flags.ts": {"lines":{"total":1,"covered":1,"skipped":0,"pct":100},"functions":{"total":0,"covered":0,"skipped":0,"pct":100},"statements":{"total":1,"covered":1,"skipped":0,"pct":100},"branches":{"total":0,"covered":0,"skipped":0,"pct":100}}
,"/home/runner/work/app/app/src/app/app.component.ts": {"lines":{"total":267,"covered":37,"skipped":0,"pct":13.85},"functions":{"total":48,"covered":11,"skipped":0,"pct":22.91},"statements":{"total":269,"covered":37,"skipped":0,"pct":13.75},"branches":{"total":96,"covered":7,"skipped":0,"pct":7.29}}
,"/home/runner/work/app/app/src/app/components/status-icon/status-icon.component.ts": {"lines":{"total":10,"covered":8,"skipped":0,"pct":80},"functions":{"total":2,"covered":1,"skipped":0,"pct":50},"statements":{"total":10,"covered":8,"skipped":0,"pct":80},"branches":{"total":4,"covered":0,"skipped":0,"pct":0}}
,"/home/runner/work/app/app/src/app/guards/auth.guard.ts": {"lines":{"total":2,"covered":1,"skipped":0,"pct":50},"functions":{"total":1,"covered":0,"skipped":0,"pct":0},"statements":{"total":3,"covered":2,"skipped":0,"pct":66.66},"branches":{"total":0,"covered":0,"skipped":0,"pct":100}}
,"/home/runner/work/app/app/src/app/pages/auth/login/login.page.ts": {"lines":{"total":34,"covered":33,"skipped":0,"pct":97.05},"functions":{"total":3,"covered":3,"skipped":0,"pct":100},"statements":{"total":34,"covered":33,"skipped":0,"pct":97.05},"branches":{"total":9,"covered":8,"skipped":0,"pct":88.88}}
,"/home/runner/work/app/app/src/app/pages/auth/logout/logout.page.ts": {"lines":{"total":4,"covered":3,"skipped":0,"pct":75},"functions":{"total":2,"covered":1,"skipped":0,"pct":50},"statements":{"total":4,"covered":3,"skipped":0,"pct":75},"branches":{"total":0,"covered":0,"skipped":0,"pct":100}}
,"/home/runner/work/app/app/src/app/pages/auth/reset-password/reset-password.page.ts": {"lines":{"total":28,"covered":10,"skipped":0,"pct":35.71},"functions":{"total":9,"covered":1,"skipped":0,"pct":11.11},"statements":{"total":28,"covered":10,"skipped":0,"pct":35.71},"branches":{"total":2,"covered":0,"skipped":0,"pct":0}}
,"/home/runner/work/app/app/src/app/pages/auth/signup/signup.page.ts": {"lines":{"total":39,"covered":37,"skipped":0,"pct":94.87},"functions":{"total":5,"covered":5,"skipped":0,"pct":100},"statements":{"total":39,"covered":37,"skipped":0,"pct":94.87},"branches":{"total":6,"covered":4,"skipped":0,"pct":66.66}}
,"/home/runner/work/app/app/src/app/pages/championship/championship/championship.page.ts": {"lines":{"total":251,"covered":19,"skipped":0,"pct":7.56},"functions":{"total":123,"covered":2,"skipped":0,"pct":1.62},"statements":{"total":272,"covered":19,"skipped":0,"pct":6.98},"branches":{"total":95,"covered":0,"skipped":0,"pct":0}}
,"/home/runner/work/app/app/src/app/pages/championship/championship-create/championship-create.page.ts": {"lines":{"total":74,"covered":12,"skipped":0,"pct":16.21},"functions":{"total":9,"covered":2,"skipped":0,"pct":22.22},"statements":{"total":74,"covered":12,"skipped":0,"pct":16.21},"branches":{"total":28,"covered":0,"skipped":0,"pct":0}}
,"/home/runner/work/app/app/src/app/pages/championship/championship-detail/championship-detail.page.ts": {"lines":{"total":140,"covered":15,"skipped":0,"pct":10.71},"functions":{"total":67,"covered":2,"skipped":0,"pct":2.98},"statements":{"total":144,"covered":15,"skipped":0,"pct":10.41},"branches":{"total":47,"covered":0,"skipped":0,"pct":0}}
,"/home/runner/work/app/app/src/app/pages/championship/club-game-preview/club-game-preview.page.ts": {"lines":{"total":42,"covered":8,"skipped":0,"pct":19.04},"functions":{"total":16,"covered":2,"skipped":0,"pct":12.5},"statements":{"total":45,"covered":8,"skipped":0,"pct":17.77},"branches":{"total":18,"covered":0,"skipped":0,"pct":0}}
,"/home/runner/work/app/app/src/app/pages/championship/lineup/lineup.page.ts": {"lines":{"total":46,"covered":7,"skipped":0,"pct":15.21},"functions":{"total":21,"covered":1,"skipped":0,"pct":4.76},"statements":{"total":47,"covered":7,"skipped":0,"pct":14.89},"branches":{"total":5,"covered":0,"skipped":0,"pct":0}}
,"/home/runner/work/app/app/src/app/pages/club/club.page.ts": {"lines":{"total":150,"covered":11,"skipped":0,"pct":7.33},"functions":{"total":56,"covered":2,"skipped":0,"pct":3.57},"statements":{"total":152,"covered":11,"skipped":0,"pct":7.23},"branches":{"total":45,"covered":0,"skipped":0,"pct":0}}
,"/home/runner/work/app/app/src/app/pages/club-admin-list/club-admin-list.page.ts": {"lines":{"total":110,"covered":11,"skipped":0,"pct":10},"functions":{"total":53,"covered":2,"skipped":0,"pct":3.77},"statements":{"total":114,"covered":11,"skipped":0,"pct":9.64},"branches":{"total":30,"covered":0,"skipped":0,"pct":0}}
,"/home/runner/work/app/app/src/app/pages/club-billing-period/club-billing-period.page.ts": {"lines":{"total":77,"covered":12,"skipped":0,"pct":15.58},"functions":{"total":26,"covered":1,"skipped":0,"pct":3.84},"statements":{"total":79,"covered":12,"skipped":0,"pct":15.18},"branches":{"total":21,"covered":0,"skipped":0,"pct":0}}
,"/home/runner/work/app/app/src/app/pages/club-invoice/club-invoice.page.ts": {"lines":{"total":268,"covered":19,"skipped":0,"pct":7.08},"functions":{"total":86,"covered":1,"skipped":0,"pct":1.16},"statements":{"total":291,"covered":19,"skipped":0,"pct":6.52},"branches":{"total":141,"covered":0,"skipped":0,"pct":0}}
,"/home/runner/work/app/app/src/app/pages/club-invoice-detail/club-invoice-detail.page.ts": {"lines":{"total":88,"covered":12,"skipped":0,"pct":13.63},"functions":{"total":24,"covered":1,"skipped":0,"pct":4.16},"statements":{"total":91,"covered":12,"skipped":0,"pct":13.18},"branches":{"total":45,"covered":0,"skipped":0,"pct":0}}
,"/home/runner/work/app/app/src/app/pages/club-links/club-links.page.ts": {"lines":{"total":59,"covered":8,"skipped":0,"pct":13.55},"functions":{"total":20,"covered":1,"skipped":0,"pct":5},"statements":{"total":63,"covered":8,"skipped":0,"pct":12.69},"branches":{"total":22,"covered":0,"skipped":0,"pct":0}}
,"/home/runner/work/app/app/src/app/pages/club-links-create/club-links-create.page.ts": {"lines":{"total":48,"covered":1,"skipped":0,"pct":2.08},"functions":{"total":7,"covered":0,"skipped":0,"pct":0},"statements":{"total":48,"covered":1,"skipped":0,"pct":2.08},"branches":{"total":17,"covered":0,"skipped":0,"pct":0}}
,"/home/runner/work/app/app/src/app/pages/club-links-edit/club-links-edit.page.ts": {"lines":{"total":39,"covered":8,"skipped":0,"pct":20.51},"functions":{"total":7,"covered":1,"skipped":0,"pct":14.28},"statements":{"total":39,"covered":8,"skipped":0,"pct":20.51},"branches":{"total":14,"covered":0,"skipped":0,"pct":0}}
,"/home/runner/work/app/app/src/app/pages/club-list/club-list.page.ts": {"lines":{"total":35,"covered":7,"skipped":0,"pct":20},"functions":{"total":12,"covered":2,"skipped":0,"pct":16.66},"statements":{"total":35,"covered":7,"skipped":0,"pct":20},"branches":{"total":16,"covered":0,"skipped":0,"pct":0}}
,"/home/runner/work/app/app/src/app/pages/club-member-list/club-member-list.page.ts": {"lines":{"total":162,"covered":13,"skipped":0,"pct":8.02},"functions":{"total":71,"covered":2,"skipped":0,"pct":2.81},"statements":{"total":165,"covered":13,"skipped":0,"pct":7.87},"branches":{"total":39,"covered":0,"skipped":0,"pct":0}}
,"/home/runner/work/app/app/src/app/pages/club-parents-list/club-parents-list.page.ts": {"lines":{"total":148,"covered":13,"skipped":0,"pct":8.78},"functions":{"total":67,"covered":2,"skipped":0,"pct":2.98},"statements":{"total":150,"covered":13,"skipped":0,"pct":8.66},"branches":{"total":36,"covered":0,"skipped":0,"pct":0}}
,"/home/runner/work/app/app/src/app/pages/club-request-list/club-request-list.page.ts": {"lines":{"total":64,"covered":11,"skipped":0,"pct":17.18},"functions":{"total":26,"covered":1,"skipped":0,"pct":3.84},"statements":{"total":65,"covered":11,"skipped":0,"pct":16.92},"branches":{"total":18,"covered":0,"skipped":0,"pct":0}}
,"/home/runner/work/app/app/src/app/pages/club-subscription/club-subscription.page.ts": {"lines":{"total":114,"covered":10,"skipped":0,"pct":8.77},"functions":{"total":57,"covered":1,"skipped":0,"pct":1.75},"statements":{"total":116,"covered":10,"skipped":0,"pct":8.62},"branches":{"total":18,"covered":0,"skipped":0,"pct":0}}
,"/home/runner/work/app/app/src/app/pages/club-team-list/club-team-list.page.ts": {"lines":{"total":42,"covered":11,"skipped":0,"pct":26.19},"functions":{"total":16,"covered":1,"skipped":0,"pct":6.25},"statements":{"total":42,"covered":11,"skipped":0,"pct":26.19},"branches":{"total":6,"covered":0,"skipped":0,"pct":0}}
,"/home/runner/work/app/app/src/app/pages/event/event-add/event-add.page.ts": {"lines":{"total":65,"covered":8,"skipped":0,"pct":12.3},"functions":{"total":11,"covered":2,"skipped":0,"pct":18.18},"statements":{"total":65,"covered":8,"skipped":0,"pct":12.3},"branches":{"total":6,"covered":0,"skipped":0,"pct":0}}
,"/home/runner/work/app/app/src/app/pages/event/event-detail/event-detail.page.ts": {"lines":{"total":165,"covered":64,"skipped":0,"pct":38.78},"functions":{"total":68,"covered":20,"skipped":0,"pct":29.41},"statements":{"total":169,"covered":64,"skipped":0,"pct":37.86},"branches":{"total":50,"covered":14,"skipped":0,"pct":28}}
,"/home/runner/work/app/app/src/app/pages/event/events/events.page.ts": {"lines":{"total":241,"covered":19,"skipped":0,"pct":7.88},"functions":{"total":106,"covered":2,"skipped":0,"pct":1.88},"statements":{"total":258,"covered":19,"skipped":0,"pct":7.36},"branches":{"total":72,"covered":0,"skipped":0,"pct":0}}
,"/home/runner/work/app/app/src/app/pages/follow/follow.page.ts": {"lines":{"total":1,"covered":1,"skipped":0,"pct":100},"functions":{"total":2,"covered":1,"skipped":0,"pct":50},"statements":{"total":1,"covered":1,"skipped":0,"pct":100},"branches":{"total":0,"covered":0,"skipped":0,"pct":100}}
,"/home/runner/work/app/app/src/app/pages/helfer/helfer/helfer.page.ts": {"lines":{"total":156,"covered":18,"skipped":0,"pct":11.53},"functions":{"total":85,"covered":2,"skipped":0,"pct":2.35},"statements":{"total":168,"covered":18,"skipped":0,"pct":10.71},"branches":{"total":27,"covered":0,"skipped":0,"pct":0}}
,"/home/runner/work/app/app/src/app/pages/helfer/helfer-add/helfer-add.page.ts": {"lines":{"total":136,"covered":13,"skipped":0,"pct":9.55},"functions":{"total":20,"covered":2,"skipped":0,"pct":10},"statements":{"total":136,"covered":13,"skipped":0,"pct":9.55},"branches":{"total":26,"covered":0,"skipped":0,"pct":0}}
,"/home/runner/work/app/app/src/app/pages/helfer/helfer-detail/helfer-detail.page.ts": {"lines":{"total":231,"covered":78,"skipped":0,"pct":33.76},"functions":{"total":88,"covered":21,"skipped":0,"pct":23.86},"statements":{"total":236,"covered":79,"skipped":0,"pct":33.47},"branches":{"total":85,"covered":28,"skipped":0,"pct":32.94}}
,"/home/runner/work/app/app/src/app/pages/helfer/helfer-punkte/helfer-punkte.page.ts": {"lines":{"total":55,"covered":10,"skipped":0,"pct":18.18},"functions":{"total":25,"covered":2,"skipped":0,"pct":8},"statements":{"total":56,"covered":10,"skipped":0,"pct":17.85},"branches":{"total":14,"covered":0,"skipped":0,"pct":0}}
,"/home/runner/work/app/app/src/app/pages/helfer/helfer-punkte-club/helfer-punkte-club.page.ts": {"lines":{"total":193,"covered":17,"skipped":0,"pct":8.8},"functions":{"total":60,"covered":1,"skipped":0,"pct":1.66},"statements":{"total":197,"covered":17,"skipped":0,"pct":8.62},"branches":{"total":66,"covered":0,"skipped":0,"pct":0}}
,"/home/runner/work/app/app/src/app/pages/helfer/helfer-punkte-detail/helfer-punkte-detail.page.ts": {"lines":{"total":109,"covered":11,"skipped":0,"pct":10.09},"functions":{"total":36,"covered":2,"skipped":0,"pct":5.55},"statements":{"total":110,"covered":11,"skipped":0,"pct":10},"branches":{"total":23,"covered":0,"skipped":0,"pct":0}}
,"/home/runner/work/app/app/src/app/pages/info/info.page.ts": {"lines":{"total":18,"covered":4,"skipped":0,"pct":22.22},"functions":{"total":5,"covered":1,"skipped":0,"pct":20},"statements":{"total":18,"covered":4,"skipped":0,"pct":22.22},"branches":{"total":4,"covered":0,"skipped":0,"pct":0}}
,"/home/runner/work/app/app/src/app/pages/member/member.page.ts": {"lines":{"total":111,"covered":12,"skipped":0,"pct":10.81},"functions":{"total":42,"covered":2,"skipped":0,"pct":4.76},"statements":{"total":116,"covered":12,"skipped":0,"pct":10.34},"branches":{"total":29,"covered":0,"skipped":0,"pct":0}}
,"/home/runner/work/app/app/src/app/pages/member-invoice-list/member-invoice-list.page.ts": {"lines":{"total":18,"covered":5,"skipped":0,"pct":27.77},"functions":{"total":7,"covered":1,"skipped":0,"pct":14.28},"statements":{"total":18,"covered":5,"skipped":0,"pct":27.77},"branches":{"total":4,"covered":0,"skipped":0,"pct":0}}
,"/home/runner/work/app/app/src/app/pages/news/create-news/create-news.page.ts": {"lines":{"total":37,"covered":10,"skipped":0,"pct":27.02},"functions":{"total":9,"covered":1,"skipped":0,"pct":11.11},"statements":{"total":37,"covered":10,"skipped":0,"pct":27.02},"branches":{"total":12,"covered":0,"skipped":0,"pct":0}}
,"/home/runner/work/app/app/src/app/pages/news/news/news.page.ts": {"lines":{"total":207,"covered":33,"skipped":0,"pct":15.94},"functions":{"total":74,"covered":2,"skipped":0,"pct":2.7},"statements":{"total":219,"covered":33,"skipped":0,"pct":15.06},"branches":{"total":58,"covered":0,"skipped":0,"pct":0}}
,"/home/runner/work/app/app/src/app/pages/news/news-detail/news-detail.page.ts": {"lines":{"total":76,"covered":17,"skipped":0,"pct":22.36},"functions":{"total":21,"covered":2,"skipped":0,"pct":9.52},"statements":{"total":77,"covered":17,"skipped":0,"pct":22.07},"branches":{"total":25,"covered":0,"skipped":0,"pct":0}}
,"/home/runner/work/app/app/src/app/pages/news/notification/notification.page.ts": {"lines":{"total":86,"covered":10,"skipped":0,"pct":11.62},"functions":{"total":29,"covered":2,"skipped":0,"pct":6.89},"statements":{"total":88,"covered":10,"skipped":0,"pct":11.36},"branches":{"total":55,"covered":0,"skipped":0,"pct":0}}
,"/home/runner/work/app/app/src/app/pages/not-found/not-found.page.ts": {"lines":{"total":1,"covered":1,"skipped":0,"pct":100},"functions":{"total":2,"covered":1,"skipped":0,"pct":50},"statements":{"total":1,"covered":1,"skipped":0,"pct":100},"branches":{"total":0,"covered":0,"skipped":0,"pct":100}}
,"/home/runner/work/app/app/src/app/pages/onboarding/create-new-club/create-new-club.page.ts": {"lines":{"total":27,"covered":1,"skipped":0,"pct":3.7},"functions":{"total":9,"covered":0,"skipped":0,"pct":0},"statements":{"total":31,"covered":1,"skipped":0,"pct":3.22},"branches":{"total":19,"covered":0,"skipped":0,"pct":0}}
,"/home/runner/work/app/app/src/app/pages/onboarding/onboarding/onboarding.page.ts": {"lines":{"total":110,"covered":16,"skipped":0,"pct":14.54},"functions":{"total":41,"covered":2,"skipped":0,"pct":4.87},"statements":{"total":113,"covered":16,"skipped":0,"pct":14.15},"branches":{"total":19,"covered":0,"skipped":0,"pct":0}}
,"/home/runner/work/app/app/src/app/pages/onboarding/onboarding-club/onboarding-club.page.ts": {"lines":{"total":173,"covered":17,"skipped":0,"pct":9.82},"functions":{"total":48,"covered":2,"skipped":0,"pct":4.16},"statements":{"total":180,"covered":17,"skipped":0,"pct":9.44},"branches":{"total":36,"covered":0,"skipped":0,"pct":0}}
,"/home/runner/work/app/app/src/app/pages/onboarding/onboarding-email/onboarding-email.page.ts": {"lines":{"total":26,"covered":7,"skipped":0,"pct":26.92},"functions":{"total":9,"covered":2,"skipped":0,"pct":22.22},"statements":{"total":26,"covered":7,"skipped":0,"pct":26.92},"branches":{"total":6,"covered":0,"skipped":0,"pct":0}}
,"/home/runner/work/app/app/src/app/pages/onboarding/onboarding-team/onboarding-team.page.ts": {"lines":{"total":1,"covered":1,"skipped":0,"pct":100},"functions":{"total":2,"covered":1,"skipped":0,"pct":50},"statements":{"total":1,"covered":1,"skipped":0,"pct":100},"branches":{"total":0,"covered":0,"skipped":0,"pct":100}}
,"/home/runner/work/app/app/src/app/pages/onboarding/welcome/welcome.page.ts": {"lines":{"total":13,"covered":5,"skipped":0,"pct":38.46},"functions":{"total":7,"covered":1,"skipped":0,"pct":14.28},"statements":{"total":13,"covered":5,"skipped":0,"pct":38.46},"branches":{"total":2,"covered":0,"skipped":0,"pct":0}}
,"/home/runner/work/app/app/src/app/pages/profile/profile.page.ts": {"lines":{"total":195,"covered":97,"skipped":0,"pct":49.74},"functions":{"total":68,"covered":27,"skipped":0,"pct":39.7},"statements":{"total":197,"covered":97,"skipped":0,"pct":49.23},"branches":{"total":32,"covered":19,"skipped":0,"pct":59.37}}
,"/home/runner/work/app/app/src/app/pages/qr-invoice-modal/qr-invoice-modal.page.ts": {"lines":{"total":3,"covered":2,"skipped":0,"pct":66.66},"functions":{"total":3,"covered":1,"skipped":0,"pct":33.33},"statements":{"total":3,"covered":2,"skipped":0,"pct":66.66},"branches":{"total":0,"covered":0,"skipped":0,"pct":100}}
,"/home/runner/work/app/app/src/app/pages/tabs/tabs.page.ts": {"lines":{"total":22,"covered":7,"skipped":0,"pct":31.81},"functions":{"total":10,"covered":1,"skipped":0,"pct":10},"statements":{"total":23,"covered":7,"skipped":0,"pct":30.43},"branches":{"total":7,"covered":0,"skipped":0,"pct":0}}
,"/home/runner/work/app/app/src/app/pages/team-admin-list/team-admin-list.page.ts": {"lines":{"total":118,"covered":11,"skipped":0,"pct":9.32},"functions":{"total":48,"covered":2,"skipped":0,"pct":4.16},"statements":{"total":121,"covered":11,"skipped":0,"pct":9.09},"branches":{"total":30,"covered":0,"skipped":0,"pct":0}}
,"/home/runner/work/app/app/src/app/pages/team-list/team-list.page.ts": {"lines":{"total":35,"covered":11,"skipped":0,"pct":31.42},"functions":{"total":13,"covered":2,"skipped":0,"pct":15.38},"statements":{"total":35,"covered":11,"skipped":0,"pct":31.42},"branches":{"total":7,"covered":0,"skipped":0,"pct":0}}
,"/home/runner/work/app/app/src/app/pages/team-member-list/team-member-list.page.ts": {"lines":{"total":168,"covered":13,"skipped":0,"pct":7.73},"functions":{"total":72,"covered":2,"skipped":0,"pct":2.77},"statements":{"total":171,"covered":13,"skipped":0,"pct":7.6},"branches":{"total":43,"covered":0,"skipped":0,"pct":0}}
,"/home/runner/work/app/app/src/app/pages/team/team-create/team-create.page.ts": {"lines":{"total":1,"covered":1,"skipped":0,"pct":100},"functions":{"total":2,"covered":1,"skipped":0,"pct":50},"statements":{"total":1,"covered":1,"skipped":0,"pct":100},"branches":{"total":0,"covered":0,"skipped":0,"pct":100}}
,"/home/runner/work/app/app/src/app/pages/team/team-detail/team.page.ts": {"lines":{"total":229,"covered":13,"skipped":0,"pct":5.67},"functions":{"total":80,"covered":2,"skipped":0,"pct":2.5},"statements":{"total":237,"covered":13,"skipped":0,"pct":5.48},"branches":{"total":91,"covered":0,"skipped":0,"pct":0}}
,"/home/runner/work/app/app/src/app/pages/team/team-exercises/team-exercises.page.ts": {"lines":{"total":63,"covered":8,"skipped":0,"pct":12.69},"functions":{"total":25,"covered":2,"skipped":0,"pct":8},"statements":{"total":63,"covered":8,"skipped":0,"pct":12.69},"branches":{"total":15,"covered":0,"skipped":0,"pct":0}}
,"/home/runner/work/app/app/src/app/pages/training/training-create/training-create.page.ts": {"lines":{"total":83,"covered":12,"skipped":0,"pct":14.45},"functions":{"total":11,"covered":2,"skipped":0,"pct":18.18},"statements":{"total":83,"covered":12,"skipped":0,"pct":14.45},"branches":{"total":27,"covered":0,"skipped":0,"pct":0}}
,"/home/runner/work/app/app/src/app/pages/training/training-detail/training-detail.page.ts": {"lines":{"total":194,"covered":69,"skipped":0,"pct":35.56},"functions":{"total":84,"covered":22,"skipped":0,"pct":26.19},"statements":{"total":198,"covered":69,"skipped":0,"pct":34.84},"branches":{"total":62,"covered":15,"skipped":0,"pct":24.19}}
,"/home/runner/work/app/app/src/app/pages/training/training-exercises/training-exercises.page.ts": {"lines":{"total":41,"covered":9,"skipped":0,"pct":21.95},"functions":{"total":18,"covered":2,"skipped":0,"pct":11.11},"statements":{"total":41,"covered":9,"skipped":0,"pct":21.95},"branches":{"total":3,"covered":0,"skipped":0,"pct":0}}
,"/home/runner/work/app/app/src/app/pages/training/trainings/trainings.page.ts": {"lines":{"total":242,"covered":19,"skipped":0,"pct":7.85},"functions":{"total":110,"covered":2,"skipped":0,"pct":1.81},"statements":{"total":256,"covered":19,"skipped":0,"pct":7.42},"branches":{"total":87,"covered":0,"skipped":0,"pct":0}}
,"/home/runner/work/app/app/src/app/services/auth.service.ts": {"lines":{"total":60,"covered":25,"skipped":0,"pct":41.66},"functions":{"total":12,"covered":4,"skipped":0,"pct":33.33},"statements":{"total":60,"covered":25,"skipped":0,"pct":41.66},"branches":{"total":9,"covered":3,"skipped":0,"pct":33.33}}
,"/home/runner/work/app/app/src/app/services/export.service.ts": {"lines":{"total":97,"covered":1,"skipped":0,"pct":1.03},"functions":{"total":10,"covered":0,"skipped":0,"pct":0},"statements":{"total":99,"covered":1,"skipped":0,"pct":1.01},"branches":{"total":41,"covered":0,"skipped":0,"pct":0}}
,"/home/runner/work/app/app/src/app/services/firebase.service.ts": {"lines":{"total":364,"covered":7,"skipped":0,"pct":1.92},"functions":{"total":231,"covered":1,"skipped":0,"pct":0.43},"statements":{"total":396,"covered":7,"skipped":0,"pct":1.76},"branches":{"total":61,"covered":0,"skipped":0,"pct":0}}
,"/home/runner/work/app/app/src/app/services/jugendundsport.service.ts": {"lines":{"total":99,"covered":8,"skipped":0,"pct":8.08},"functions":{"total":14,"covered":1,"skipped":0,"pct":7.14},"statements":{"total":101,"covered":8,"skipped":0,"pct":7.92},"branches":{"total":71,"covered":0,"skipped":0,"pct":0}}
,"/home/runner/work/app/app/src/app/services/map.service.ts": {"lines":{"total":29,"covered":1,"skipped":0,"pct":3.44},"functions":{"total":5,"covered":0,"skipped":0,"pct":0},"statements":{"total":29,"covered":1,"skipped":0,"pct":3.44},"branches":{"total":16,"covered":0,"skipped":0,"pct":0}}
,"/home/runner/work/app/app/src/app/services/swiss-unihockey.service.ts": {"lines":{"total":11,"covered":1,"skipped":0,"pct":9.09},"functions":{"total":4,"covered":0,"skipped":0,"pct":0},"statements":{"total":11,"covered":1,"skipped":0,"pct":9.09},"branches":{"total":2,"covered":0,"skipped":0,"pct":0}}
,"/home/runner/work/app/app/src/app/services/ui.service.ts": {"lines":{"total":42,"covered":1,"skipped":0,"pct":2.38},"functions":{"total":17,"covered":0,"skipped":0,"pct":0},"statements":{"total":42,"covered":1,"skipped":0,"pct":2.38},"branches":{"total":27,"covered":0,"skipped":0,"pct":0}}
,"/home/runner/work/app/app/src/app/services/firebase/championship.service.ts": {"lines":{"total":43,"covered":4,"skipped":0,"pct":9.3},"functions":{"total":21,"covered":1,"skipped":0,"pct":4.76},"statements":{"total":43,"covered":4,"skipped":0,"pct":9.3},"branches":{"total":1,"covered":0,"skipped":0,"pct":0}}
,"/home/runner/work/app/app/src/app/services/firebase/event.service.ts": {"lines":{"total":90,"covered":4,"skipped":0,"pct":4.44},"functions":{"total":41,"covered":1,"skipped":0,"pct":2.43},"statements":{"total":90,"covered":4,"skipped":0,"pct":4.44},"branches":{"total":1,"covered":0,"skipped":0,"pct":0}}
,"/home/runner/work/app/app/src/app/services/firebase/exercise.service.ts": {"lines":{"total":25,"covered":3,"skipped":0,"pct":12},"functions":{"total":14,"covered":1,"skipped":0,"pct":7.14},"statements":{"total":25,"covered":3,"skipped":0,"pct":12},"branches":{"total":0,"covered":0,"skipped":0,"pct":100}}
,"/home/runner/work/app/app/src/app/services/firebase/helfer.service.ts": {"lines":{"total":27,"covered":4,"skipped":0,"pct":14.81},"functions":{"total":12,"covered":1,"skipped":0,"pct":8.33},"statements":{"total":28,"covered":4,"skipped":0,"pct":14.28},"branches":{"total":0,"covered":0,"skipped":0,"pct":100}}
,"/home/runner/work/app/app/src/app/services/firebase/invoice.service.ts": {"lines":{"total":25,"covered":4,"skipped":0,"pct":16},"functions":{"total":17,"covered":1,"skipped":0,"pct":5.88},"statements":{"total":25,"covered":4,"skipped":0,"pct":16},"branches":{"total":0,"covered":0,"skipped":0,"pct":100}}
,"/home/runner/work/app/app/src/app/services/firebase/news.service.ts": {"lines":{"total":34,"covered":6,"skipped":0,"pct":17.64},"functions":{"total":16,"covered":1,"skipped":0,"pct":6.25},"statements":{"total":34,"covered":6,"skipped":0,"pct":17.64},"branches":{"total":0,"covered":0,"skipped":0,"pct":100}}
,"/home/runner/work/app/app/src/app/services/firebase/notification.service.ts": {"lines":{"total":15,"covered":4,"skipped":0,"pct":26.66},"functions":{"total":6,"covered":1,"skipped":0,"pct":16.66},"statements":{"total":15,"covered":4,"skipped":0,"pct":26.66},"branches":{"total":0,"covered":0,"skipped":0,"pct":100}}
,"/home/runner/work/app/app/src/app/services/firebase/training.service.ts": {"lines":{"total":37,"covered":5,"skipped":0,"pct":13.51},"functions":{"total":17,"covered":1,"skipped":0,"pct":5.88},"statements":{"total":37,"covered":5,"skipped":0,"pct":13.51},"branches":{"total":0,"covered":0,"skipped":0,"pct":100}}
,"/home/runner/work/app/app/src/app/services/firebase/user-profile.service.ts": {"lines":{"total":84,"covered":8,"skipped":0,"pct":9.52},"functions":{"total":33,"covered":1,"skipped":0,"pct":3.03},"statements":{"total":84,"covered":8,"skipped":0,"pct":9.52},"branches":{"total":12,"covered":0,"skipped":0,"pct":0}}
,"/home/runner/work/app/app/src/environments/environment.ts": {"lines":{"total":1,"covered":1,"skipped":0,"pct":100},"functions":{"total":0,"covered":0,"skipped":0,"pct":100},"statements":{"total":1,"covered":1,"skipped":0,"pct":100},"branches":{"total":0,"covered":0,"skipped":0,"pct":100}}
}
