{"total": {"lines":{"total":7269,"covered":1144,"skipped":0,"pct":15.73},"statements":{"total":7489,"covered":1147,"skipped":0,"pct":15.31},"functions":{"total":2728,"covered":237,"skipped":0,"pct":8.68},"branches":{"total":2153,"covered":118,"skipped":0,"pct":5.48},"branchesTrue":{"total":0,"covered":0,"skipped":0,"pct":100}}
,"/home/runner/work/app/app/src/test.ts": {"lines":{"total":1,"covered":1,"skipped":0,"pct":100},"functions":{"total":0,"covered":0,"skipped":0,"pct":100},"statements":{"total":1,"covered":1,"skipped":0,"pct":100},"branches":{"total":0,"covered":0,"skipped":0,"pct":100}}
,"/home/runner/work/app/app/src/zone-flags.ts": {"lines":{"total":1,"covered":1,"skipped":0,"pct":100},"functions":{"total":0,"covered":0,"skipped":0,"pct":100},"statements":{"total":1,"covered":1,"skipped":0,"pct":100},"branches":{"total":0,"covered":0,"skipped":0,"pct":100}}
,"/home/runner/work/app/app/src/app/app.component.ts": {"lines":{"total":268,"covered":37,"skipped":0,"pct":13.8},"functions":{"total":48,"covered":11,"skipped":0,"pct":22.91},"statements":{"total":268,"covered":37,"skipped":0,"pct":13.8},"branches":{"total":97,"covered":7,"skipped":0,"pct":7.21}}
,"/home/runner/work/app/app/src/app/components/status-icon/status-icon.component.ts": {"lines":{"total":10,"covered":8,"skipped":0,"pct":80},"functions":{"total":2,"covered":1,"skipped":0,"pct":50},"statements":{"total":10,"covered":8,"skipped":0,"pct":80},"branches":{"total":4,"covered":0,"skipped":0,"pct":0}}
,"/home/runner/work/app/app/src/app/guards/auth.guard.ts": {"lines":{"total":2,"covered":1,"skipped":0,"pct":50},"functions":{"total":1,"covered":0,"skipped":0,"pct":0},"statements":{"total":3,"covered":2,"skipped":0,"pct":66.66},"branches":{"total":0,"covered":0,"skipped":0,"pct":100}}
,"/home/runner/work/app/app/src/app/pages/auth/login/login.page.ts": {"lines":{"total":34,"covered":33,"skipped":0,"pct":97.05},"functions":{"total":3,"covered":3,"skipped":0,"pct":100},"statements":{"total":34,"covered":33,"skipped":0,"pct":97.05},"branches":{"total":9,"covered":8,"skipped":0,"pct":88.88}}
,"/home/runner/work/app/app/src/app/pages/auth/logout/logout.page.ts": {"lines":{"total":4,"covered":3,"skipped":0,"pct":75},"functions":{"total":2,"covered":1,"skipped":0,"pct":50},"statements":{"total":4,"covered":3,"skipped":0,"pct":75},"branches":{"total":0,"covered":0,"skipped":0,"pct":100}}
,"/home/runner/work/app/app/src/app/pages/auth/reset-password/reset-password.page.ts": {"lines":{"total":28,"covered":10,"skipped":0,"pct":35.71},"functions":{"total":9,"covered":1,"skipped":0,"pct":11.11},"statements":{"total":28,"covered":10,"skipped":0,"pct":35.71},"branches":{"total":2,"covered":0,"skipped":0,"pct":0}}
,"/home/runner/work/app/app/src/app/pages/auth/signup/signup.page.ts": {"lines":{"total":39,"covered":37,"skipped":0,"pct":94.87},"functions":{"total":5,"covered":5,"skipped":0,"pct":100},"statements":{"total":39,"covered":37,"skipped":0,"pct":94.87},"branches":{"total":6,"covered":4,"skipped":0,"pct":66.66}}
,"/home/runner/work/app/app/src/app/pages/championship/championship/championship.page.ts": {"lines":{"total":252,"covered":19,"skipped":0,"pct":7.53},"functions":{"total":125,"covered":2,"skipped":0,"pct":1.6},"statements":{"total":272,"covered":19,"skipped":0,"pct":6.98},"branches":{"total":94,"covered":0,"skipped":0,"pct":0}}
,"/home/runner/work/app/app/src/app/pages/championship/championship-create/championship-create.page.ts": {"lines":{"total":74,"covered":12,"skipped":0,"pct":16.21},"functions":{"total":9,"covered":2,"skipped":0,"pct":22.22},"statements":{"total":74,"covered":12,"skipped":0,"pct":16.21},"branches":{"total":28,"covered":0,"skipped":0,"pct":0}}
,"/home/runner/work/app/app/src/app/pages/championship/championship-detail/championship-detail.page.ts": {"lines":{"total":139,"covered":15,"skipped":0,"pct":10.79},"functions":{"total":66,"covered":1,"skipped":0,"pct":1.51},"statements":{"total":141,"covered":15,"skipped":0,"pct":10.63},"branches":{"total":41,"covered":0,"skipped":0,"pct":0}}
,"/home/runner/work/app/app/src/app/pages/championship/club-game-preview/club-game-preview.page.ts": {"lines":{"total":38,"covered":8,"skipped":0,"pct":21.05},"functions":{"total":13,"covered":1,"skipped":0,"pct":7.69},"statements":{"total":40,"covered":8,"skipped":0,"pct":20},"branches":{"total":13,"covered":0,"skipped":0,"pct":0}}
,"/home/runner/work/app/app/src/app/pages/championship/lineup/lineup.page.ts": {"lines":{"total":45,"covered":7,"skipped":0,"pct":15.55},"functions":{"total":23,"covered":1,"skipped":0,"pct":4.34},"statements":{"total":46,"covered":7,"skipped":0,"pct":15.21},"branches":{"total":4,"covered":0,"skipped":0,"pct":0}}
,"/home/runner/work/app/app/src/app/pages/club/club.page.ts": {"lines":{"total":155,"covered":11,"skipped":0,"pct":7.09},"functions":{"total":58,"covered":2,"skipped":0,"pct":3.44},"statements":{"total":156,"covered":11,"skipped":0,"pct":7.05},"branches":{"total":46,"covered":0,"skipped":0,"pct":0}}
,"/home/runner/work/app/app/src/app/pages/club-admin-list/club-admin-list.page.ts": {"lines":{"total":110,"covered":11,"skipped":0,"pct":10},"functions":{"total":53,"covered":2,"skipped":0,"pct":3.77},"statements":{"total":114,"covered":11,"skipped":0,"pct":9.64},"branches":{"total":30,"covered":0,"skipped":0,"pct":0}}
,"/home/runner/work/app/app/src/app/pages/club-billing-period/club-billing-period.page.ts": {"lines":{"total":77,"covered":12,"skipped":0,"pct":15.58},"functions":{"total":26,"covered":1,"skipped":0,"pct":3.84},"statements":{"total":79,"covered":12,"skipped":0,"pct":15.18},"branches":{"total":21,"covered":0,"skipped":0,"pct":0}}
,"/home/runner/work/app/app/src/app/pages/club-invoice/club-invoice.page.ts": {"lines":{"total":268,"covered":19,"skipped":0,"pct":7.08},"functions":{"total":86,"covered":1,"skipped":0,"pct":1.16},"statements":{"total":291,"covered":19,"skipped":0,"pct":6.52},"branches":{"total":141,"covered":0,"skipped":0,"pct":0}}
,"/home/runner/work/app/app/src/app/pages/club-invoice-detail/club-invoice-detail.page.ts": {"lines":{"total":88,"covered":12,"skipped":0,"pct":13.63},"functions":{"total":24,"covered":1,"skipped":0,"pct":4.16},"statements":{"total":91,"covered":12,"skipped":0,"pct":13.18},"branches":{"total":45,"covered":0,"skipped":0,"pct":0}}
,"/home/runner/work/app/app/src/app/pages/club-links/club-links.page.ts": {"lines":{"total":59,"covered":8,"skipped":0,"pct":13.55},"functions":{"total":20,"covered":1,"skipped":0,"pct":5},"statements":{"total":63,"covered":8,"skipped":0,"pct":12.69},"branches":{"total":22,"covered":0,"skipped":0,"pct":0}}
,"/home/runner/work/app/app/src/app/pages/club-links-create/club-links-create.page.ts": {"lines":{"total":48,"covered":1,"skipped":0,"pct":2.08},"functions":{"total":7,"covered":0,"skipped":0,"pct":0},"statements":{"total":48,"covered":1,"skipped":0,"pct":2.08},"branches":{"total":17,"covered":0,"skipped":0,"pct":0}}
,"/home/runner/work/app/app/src/app/pages/club-links-edit/club-links-edit.page.ts": {"lines":{"total":39,"covered":8,"skipped":0,"pct":20.51},"functions":{"total":7,"covered":1,"skipped":0,"pct":14.28},"statements":{"total":39,"covered":8,"skipped":0,"pct":20.51},"branches":{"total":14,"covered":0,"skipped":0,"pct":0}}
,"/home/runner/work/app/app/src/app/pages/club-list/club-list.page.ts": {"lines":{"total":35,"covered":7,"skipped":0,"pct":20},"functions":{"total":12,"covered":2,"skipped":0,"pct":16.66},"statements":{"total":35,"covered":7,"skipped":0,"pct":20},"branches":{"total":16,"covered":0,"skipped":0,"pct":0}}
,"/home/runner/work/app/app/src/app/pages/club-member-list/club-member-list.page.ts": {"lines":{"total":162,"covered":13,"skipped":0,"pct":8.02},"functions":{"total":71,"covered":2,"skipped":0,"pct":2.81},"statements":{"total":165,"covered":13,"skipped":0,"pct":7.87},"branches":{"total":39,"covered":0,"skipped":0,"pct":0}}
,"/home/runner/work/app/app/src/app/pages/club-parents-list/club-parents-list.page.ts": {"lines":{"total":148,"covered":13,"skipped":0,"pct":8.78},"functions":{"total":67,"covered":2,"skipped":0,"pct":2.98},"statements":{"total":150,"covered":13,"skipped":0,"pct":8.66},"branches":{"total":36,"covered":0,"skipped":0,"pct":0}}
,"/home/runner/work/app/app/src/app/pages/club-request-list/club-request-list.page.ts": {"lines":{"total":64,"covered":11,"skipped":0,"pct":17.18},"functions":{"total":26,"covered":1,"skipped":0,"pct":3.84},"statements":{"total":65,"covered":11,"skipped":0,"pct":16.92},"branches":{"total":18,"covered":0,"skipped":0,"pct":0}}
,"/home/runner/work/app/app/src/app/pages/club-subscription/club-subscription.page.ts": {"lines":{"total":114,"covered":10,"skipped":0,"pct":8.77},"functions":{"total":57,"covered":1,"skipped":0,"pct":1.75},"statements":{"total":116,"covered":10,"skipped":0,"pct":8.62},"branches":{"total":18,"covered":0,"skipped":0,"pct":0}}
,"/home/runner/work/app/app/src/app/pages/club-team-list/club-team-list.page.ts": {"lines":{"total":42,"covered":11,"skipped":0,"pct":26.19},"functions":{"total":16,"covered":1,"skipped":0,"pct":6.25},"statements":{"total":42,"covered":11,"skipped":0,"pct":26.19},"branches":{"total":6,"covered":0,"skipped":0,"pct":0}}
,"/home/runner/work/app/app/src/app/pages/event/event-add/event-add.page.ts": {"lines":{"total":65,"covered":8,"skipped":0,"pct":12.3},"functions":{"total":11,"covered":2,"skipped":0,"pct":18.18},"statements":{"total":65,"covered":8,"skipped":0,"pct":12.3},"branches":{"total":6,"covered":0,"skipped":0,"pct":0}}
,"/home/runner/work/app/app/src/app/pages/event/event-detail/event-detail.page.ts": {"lines":{"total":168,"covered":65,"skipped":0,"pct":38.69},"functions":{"total":70,"covered":21,"skipped":0,"pct":30},"statements":{"total":171,"covered":65,"skipped":0,"pct":38.01},"branches":{"total":50,"covered":14,"skipped":0,"pct":28}}
,"/home/runner/work/app/app/src/app/pages/event/events/events.page.ts": {"lines":{"total":243,"covered":19,"skipped":0,"pct":7.81},"functions":{"total":108,"covered":2,"skipped":0,"pct":1.85},"statements":{"total":260,"covered":19,"skipped":0,"pct":7.3},"branches":{"total":72,"covered":0,"skipped":0,"pct":0}}
,"/home/runner/work/app/app/src/app/pages/follow/follow.page.ts": {"lines":{"total":1,"covered":1,"skipped":0,"pct":100},"functions":{"total":2,"covered":1,"skipped":0,"pct":50},"statements":{"total":1,"covered":1,"skipped":0,"pct":100},"branches":{"total":0,"covered":0,"skipped":0,"pct":100}}
,"/home/runner/work/app/app/src/app/pages/helfer/helfer/helfer.page.ts": {"lines":{"total":159,"covered":18,"skipped":0,"pct":11.32},"functions":{"total":87,"covered":2,"skipped":0,"pct":2.29},"statements":{"total":172,"covered":18,"skipped":0,"pct":10.46},"branches":{"total":28,"covered":0,"skipped":0,"pct":0}}
,"/home/runner/work/app/app/src/app/pages/helfer/helfer-add/helfer-add.page.ts": {"lines":{"total":137,"covered":14,"skipped":0,"pct":10.21},"functions":{"total":20,"covered":2,"skipped":0,"pct":10},"statements":{"total":137,"covered":14,"skipped":0,"pct":10.21},"branches":{"total":26,"covered":0,"skipped":0,"pct":0}}
,"/home/runner/work/app/app/src/app/pages/helfer/helfer-detail/helfer-detail.page.ts": {"lines":{"total":251,"covered":129,"skipped":0,"pct":51.39},"functions":{"total":93,"covered":46,"skipped":0,"pct":49.46},"statements":{"total":255,"covered":130,"skipped":0,"pct":50.98},"branches":{"total":102,"covered":47,"skipped":0,"pct":46.07}}
,"/home/runner/work/app/app/src/app/pages/helfer/helfer-punkte/helfer-punkte.page.ts": {"lines":{"total":55,"covered":8,"skipped":0,"pct":14.54},"functions":{"total":26,"covered":1,"skipped":0,"pct":3.84},"statements":{"total":55,"covered":8,"skipped":0,"pct":14.54},"branches":{"total":13,"covered":0,"skipped":0,"pct":0}}
,"/home/runner/work/app/app/src/app/pages/helfer/helfer-punkte-club/helfer-punkte-club.page.ts": {"lines":{"total":193,"covered":17,"skipped":0,"pct":8.8},"functions":{"total":60,"covered":1,"skipped":0,"pct":1.66},"statements":{"total":197,"covered":17,"skipped":0,"pct":8.62},"branches":{"total":66,"covered":0,"skipped":0,"pct":0}}
,"/home/runner/work/app/app/src/app/pages/helfer/helfer-punkte-detail/helfer-punkte-detail.page.ts": {"lines":{"total":109,"covered":11,"skipped":0,"pct":10.09},"functions":{"total":36,"covered":2,"skipped":0,"pct":5.55},"statements":{"total":110,"covered":11,"skipped":0,"pct":10},"branches":{"total":23,"covered":0,"skipped":0,"pct":0}}
,"/home/runner/work/app/app/src/app/pages/info/info.page.ts": {"lines":{"total":18,"covered":4,"skipped":0,"pct":22.22},"functions":{"total":5,"covered":1,"skipped":0,"pct":20},"statements":{"total":18,"covered":4,"skipped":0,"pct":22.22},"branches":{"total":4,"covered":0,"skipped":0,"pct":0}}
,"/home/runner/work/app/app/src/app/pages/member/member.page.ts": {"lines":{"total":111,"covered":12,"skipped":0,"pct":10.81},"functions":{"total":42,"covered":2,"skipped":0,"pct":4.76},"statements":{"total":116,"covered":12,"skipped":0,"pct":10.34},"branches":{"total":29,"covered":0,"skipped":0,"pct":0}}
,"/home/runner/work/app/app/src/app/pages/member-invoice-list/member-invoice-list.page.ts": {"lines":{"total":18,"covered":5,"skipped":0,"pct":27.77},"functions":{"total":7,"covered":1,"skipped":0,"pct":14.28},"statements":{"total":18,"covered":5,"skipped":0,"pct":27.77},"branches":{"total":4,"covered":0,"skipped":0,"pct":0}}
,"/home/runner/work/app/app/src/app/pages/news/create-news/create-news.page.ts": {"lines":{"total":37,"covered":10,"skipped":0,"pct":27.02},"functions":{"total":9,"covered":1,"skipped":0,"pct":11.11},"statements":{"total":37,"covered":10,"skipped":0,"pct":27.02},"branches":{"total":12,"covered":0,"skipped":0,"pct":0}}
,"/home/runner/work/app/app/src/app/pages/news/news/news.page.ts": {"lines":{"total":226,"covered":34,"skipped":0,"pct":15.04},"functions":{"total":84,"covered":2,"skipped":0,"pct":2.38},"statements":{"total":238,"covered":34,"skipped":0,"pct":14.28},"branches":{"total":68,"covered":0,"skipped":0,"pct":0}}
,"/home/runner/work/app/app/src/app/pages/news/news-detail/news-detail.page.ts": {"lines":{"total":76,"covered":17,"skipped":0,"pct":22.36},"functions":{"total":21,"covered":2,"skipped":0,"pct":9.52},"statements":{"total":77,"covered":17,"skipped":0,"pct":22.07},"branches":{"total":25,"covered":0,"skipped":0,"pct":0}}
,"/home/runner/work/app/app/src/app/pages/news/notification/notification.page.ts": {"lines":{"total":86,"covered":10,"skipped":0,"pct":11.62},"functions":{"total":29,"covered":2,"skipped":0,"pct":6.89},"statements":{"total":86,"covered":10,"skipped":0,"pct":11.62},"branches":{"total":53,"covered":0,"skipped":0,"pct":0}}
,"/home/runner/work/app/app/src/app/pages/not-found/not-found.page.ts": {"lines":{"total":1,"covered":1,"skipped":0,"pct":100},"functions":{"total":2,"covered":1,"skipped":0,"pct":50},"statements":{"total":1,"covered":1,"skipped":0,"pct":100},"branches":{"total":0,"covered":0,"skipped":0,"pct":100}}
,"/home/runner/work/app/app/src/app/pages/onboarding/create-new-club/create-new-club.page.ts": {"lines":{"total":27,"covered":1,"skipped":0,"pct":3.7},"functions":{"total":9,"covered":0,"skipped":0,"pct":0},"statements":{"total":31,"covered":1,"skipped":0,"pct":3.22},"branches":{"total":19,"covered":0,"skipped":0,"pct":0}}
,"/home/runner/work/app/app/src/app/pages/onboarding/onboarding/onboarding.page.ts": {"lines":{"total":110,"covered":16,"skipped":0,"pct":14.54},"functions":{"total":41,"covered":2,"skipped":0,"pct":4.87},"statements":{"total":113,"covered":16,"skipped":0,"pct":14.15},"branches":{"total":19,"covered":0,"skipped":0,"pct":0}}
,"/home/runner/work/app/app/src/app/pages/onboarding/onboarding-club/onboarding-club.page.ts": {"lines":{"total":190,"covered":17,"skipped":0,"pct":8.94},"functions":{"total":56,"covered":2,"skipped":0,"pct":3.57},"statements":{"total":200,"covered":17,"skipped":0,"pct":8.5},"branches":{"total":45,"covered":0,"skipped":0,"pct":0}}
,"/home/runner/work/app/app/src/app/pages/onboarding/onboarding-email/onboarding-email.page.ts": {"lines":{"total":26,"covered":7,"skipped":0,"pct":26.92},"functions":{"total":9,"covered":2,"skipped":0,"pct":22.22},"statements":{"total":26,"covered":7,"skipped":0,"pct":26.92},"branches":{"total":6,"covered":0,"skipped":0,"pct":0}}
,"/home/runner/work/app/app/src/app/pages/onboarding/onboarding-team/onboarding-team.page.ts": {"lines":{"total":1,"covered":1,"skipped":0,"pct":100},"functions":{"total":2,"covered":1,"skipped":0,"pct":50},"statements":{"total":1,"covered":1,"skipped":0,"pct":100},"branches":{"total":0,"covered":0,"skipped":0,"pct":100}}
,"/home/runner/work/app/app/src/app/pages/onboarding/welcome/welcome.page.ts": {"lines":{"total":13,"covered":5,"skipped":0,"pct":38.46},"functions":{"total":7,"covered":1,"skipped":0,"pct":14.28},"statements":{"total":13,"covered":5,"skipped":0,"pct":38.46},"branches":{"total":2,"covered":0,"skipped":0,"pct":0}}
,"/home/runner/work/app/app/src/app/pages/profile/profile.page.ts": {"lines":{"total":212,"covered":97,"skipped":0,"pct":45.75},"functions":{"total":71,"covered":27,"skipped":0,"pct":38.02},"statements":{"total":215,"covered":97,"skipped":0,"pct":45.11},"branches":{"total":51,"covered":19,"skipped":0,"pct":37.25}}
,"/home/runner/work/app/app/src/app/pages/qr-invoice-modal/qr-invoice-modal.page.ts": {"lines":{"total":3,"covered":2,"skipped":0,"pct":66.66},"functions":{"total":3,"covered":1,"skipped":0,"pct":33.33},"statements":{"total":3,"covered":2,"skipped":0,"pct":66.66},"branches":{"total":0,"covered":0,"skipped":0,"pct":100}}
,"/home/runner/work/app/app/src/app/pages/tabs/tabs.page.ts": {"lines":{"total":24,"covered":8,"skipped":0,"pct":33.33},"functions":{"total":11,"covered":1,"skipped":0,"pct":9.09},"statements":{"total":25,"covered":8,"skipped":0,"pct":32},"branches":{"total":9,"covered":0,"skipped":0,"pct":0}}
,"/home/runner/work/app/app/src/app/pages/team-admin-list/team-admin-list.page.ts": {"lines":{"total":118,"covered":11,"skipped":0,"pct":9.32},"functions":{"total":48,"covered":2,"skipped":0,"pct":4.16},"statements":{"total":121,"covered":11,"skipped":0,"pct":9.09},"branches":{"total":30,"covered":0,"skipped":0,"pct":0}}
,"/home/runner/work/app/app/src/app/pages/team-list/team-list.page.ts": {"lines":{"total":35,"covered":11,"skipped":0,"pct":31.42},"functions":{"total":13,"covered":2,"skipped":0,"pct":15.38},"statements":{"total":35,"covered":11,"skipped":0,"pct":31.42},"branches":{"total":7,"covered":0,"skipped":0,"pct":0}}
,"/home/runner/work/app/app/src/app/pages/team-member-list/team-member-list.page.ts": {"lines":{"total":168,"covered":13,"skipped":0,"pct":7.73},"functions":{"total":72,"covered":2,"skipped":0,"pct":2.77},"statements":{"total":171,"covered":13,"skipped":0,"pct":7.6},"branches":{"total":43,"covered":0,"skipped":0,"pct":0}}
,"/home/runner/work/app/app/src/app/pages/team/team-create/team-create.page.ts": {"lines":{"total":1,"covered":1,"skipped":0,"pct":100},"functions":{"total":2,"covered":1,"skipped":0,"pct":50},"statements":{"total":1,"covered":1,"skipped":0,"pct":100},"branches":{"total":0,"covered":0,"skipped":0,"pct":100}}
,"/home/runner/work/app/app/src/app/pages/team/team-detail/team.page.ts": {"lines":{"total":264,"covered":13,"skipped":0,"pct":4.92},"functions":{"total":86,"covered":2,"skipped":0,"pct":2.32},"statements":{"total":271,"covered":13,"skipped":0,"pct":4.79},"branches":{"total":115,"covered":0,"skipped":0,"pct":0}}
,"/home/runner/work/app/app/src/app/pages/team/team-exercises/team-exercises.page.ts": {"lines":{"total":63,"covered":8,"skipped":0,"pct":12.69},"functions":{"total":25,"covered":2,"skipped":0,"pct":8},"statements":{"total":63,"covered":8,"skipped":0,"pct":12.69},"branches":{"total":15,"covered":0,"skipped":0,"pct":0}}
,"/home/runner/work/app/app/src/app/pages/training/training-create/training-create.page.ts": {"lines":{"total":83,"covered":12,"skipped":0,"pct":14.45},"functions":{"total":11,"covered":2,"skipped":0,"pct":18.18},"statements":{"total":83,"covered":12,"skipped":0,"pct":14.45},"branches":{"total":27,"covered":0,"skipped":0,"pct":0}}
,"/home/runner/work/app/app/src/app/pages/training/training-detail/training-detail.page.ts": {"lines":{"total":197,"covered":70,"skipped":0,"pct":35.53},"functions":{"total":86,"covered":23,"skipped":0,"pct":26.74},"statements":{"total":200,"covered":70,"skipped":0,"pct":35},"branches":{"total":62,"covered":15,"skipped":0,"pct":24.19}}
,"/home/runner/work/app/app/src/app/pages/training/training-exercises/training-exercises.page.ts": {"lines":{"total":41,"covered":9,"skipped":0,"pct":21.95},"functions":{"total":18,"covered":2,"skipped":0,"pct":11.11},"statements":{"total":41,"covered":9,"skipped":0,"pct":21.95},"branches":{"total":3,"covered":0,"skipped":0,"pct":0}}
,"/home/runner/work/app/app/src/app/pages/training/trainings/trainings.page.ts": {"lines":{"total":288,"covered":24,"skipped":0,"pct":8.33},"functions":{"total":125,"covered":2,"skipped":0,"pct":1.6},"statements":{"total":307,"covered":24,"skipped":0,"pct":7.81},"branches":{"total":103,"covered":0,"skipped":0,"pct":0}}
,"/home/runner/work/app/app/src/app/services/auth.service.ts": {"lines":{"total":69,"covered":29,"skipped":0,"pct":42.02},"functions":{"total":21,"covered":7,"skipped":0,"pct":33.33},"statements":{"total":72,"covered":30,"skipped":0,"pct":41.66},"branches":{"total":6,"covered":3,"skipped":0,"pct":50}}
,"/home/runner/work/app/app/src/app/services/export.service.ts": {"lines":{"total":97,"covered":1,"skipped":0,"pct":1.03},"functions":{"total":10,"covered":0,"skipped":0,"pct":0},"statements":{"total":99,"covered":1,"skipped":0,"pct":1.01},"branches":{"total":41,"covered":0,"skipped":0,"pct":0}}
,"/home/runner/work/app/app/src/app/services/firebase.service.ts": {"lines":{"total":363,"covered":7,"skipped":0,"pct":1.92},"functions":{"total":234,"covered":1,"skipped":0,"pct":0.42},"statements":{"total":388,"covered":7,"skipped":0,"pct":1.8},"branches":{"total":62,"covered":0,"skipped":0,"pct":0}}
,"/home/runner/work/app/app/src/app/services/jugendundsport.service.ts": {"lines":{"total":99,"covered":8,"skipped":0,"pct":8.08},"functions":{"total":14,"covered":1,"skipped":0,"pct":7.14},"statements":{"total":101,"covered":8,"skipped":0,"pct":7.92},"branches":{"total":71,"covered":0,"skipped":0,"pct":0}}
,"/home/runner/work/app/app/src/app/services/map.service.ts": {"lines":{"total":40,"covered":3,"skipped":0,"pct":7.5},"functions":{"total":6,"covered":0,"skipped":0,"pct":0},"statements":{"total":40,"covered":3,"skipped":0,"pct":7.5},"branches":{"total":24,"covered":0,"skipped":0,"pct":0}}
,"/home/runner/work/app/app/src/app/services/share-latest.ts": {"lines":{"total":4,"covered":4,"skipped":0,"pct":100},"functions":{"total":3,"covered":3,"skipped":0,"pct":100},"statements":{"total":4,"covered":4,"skipped":0,"pct":100},"branches":{"total":1,"covered":1,"skipped":0,"pct":100}}
,"/home/runner/work/app/app/src/app/services/swiss-unihockey.service.ts": {"lines":{"total":11,"covered":1,"skipped":0,"pct":9.09},"functions":{"total":4,"covered":0,"skipped":0,"pct":0},"statements":{"total":11,"covered":1,"skipped":0,"pct":9.09},"branches":{"total":2,"covered":0,"skipped":0,"pct":0}}
,"/home/runner/work/app/app/src/app/services/ui.service.ts": {"lines":{"total":42,"covered":1,"skipped":0,"pct":2.38},"functions":{"total":17,"covered":0,"skipped":0,"pct":0},"statements":{"total":42,"covered":1,"skipped":0,"pct":2.38},"branches":{"total":27,"covered":0,"skipped":0,"pct":0}}
,"/home/runner/work/app/app/src/app/services/firebase/championship.service.ts": {"lines":{"total":43,"covered":4,"skipped":0,"pct":9.3},"functions":{"total":21,"covered":1,"skipped":0,"pct":4.76},"statements":{"total":43,"covered":4,"skipped":0,"pct":9.3},"branches":{"total":1,"covered":0,"skipped":0,"pct":0}}
,"/home/runner/work/app/app/src/app/services/firebase/event.service.ts": {"lines":{"total":90,"covered":4,"skipped":0,"pct":4.44},"functions":{"total":41,"covered":1,"skipped":0,"pct":2.43},"statements":{"total":90,"covered":4,"skipped":0,"pct":4.44},"branches":{"total":1,"covered":0,"skipped":0,"pct":0}}
,"/home/runner/work/app/app/src/app/services/firebase/exercise.service.ts": {"lines":{"total":25,"covered":3,"skipped":0,"pct":12},"functions":{"total":14,"covered":1,"skipped":0,"pct":7.14},"statements":{"total":25,"covered":3,"skipped":0,"pct":12},"branches":{"total":0,"covered":0,"skipped":0,"pct":100}}
,"/home/runner/work/app/app/src/app/services/firebase/helfer.service.ts": {"lines":{"total":27,"covered":4,"skipped":0,"pct":14.81},"functions":{"total":12,"covered":1,"skipped":0,"pct":8.33},"statements":{"total":28,"covered":4,"skipped":0,"pct":14.28},"branches":{"total":0,"covered":0,"skipped":0,"pct":100}}
,"/home/runner/work/app/app/src/app/services/firebase/invoice.service.ts": {"lines":{"total":25,"covered":4,"skipped":0,"pct":16},"functions":{"total":17,"covered":1,"skipped":0,"pct":5.88},"statements":{"total":25,"covered":4,"skipped":0,"pct":16},"branches":{"total":0,"covered":0,"skipped":0,"pct":100}}
,"/home/runner/work/app/app/src/app/services/firebase/news.service.ts": {"lines":{"total":34,"covered":6,"skipped":0,"pct":17.64},"functions":{"total":16,"covered":1,"skipped":0,"pct":6.25},"statements":{"total":34,"covered":6,"skipped":0,"pct":17.64},"branches":{"total":0,"covered":0,"skipped":0,"pct":100}}
,"/home/runner/work/app/app/src/app/services/firebase/notification.service.ts": {"lines":{"total":15,"covered":4,"skipped":0,"pct":26.66},"functions":{"total":6,"covered":1,"skipped":0,"pct":16.66},"statements":{"total":15,"covered":4,"skipped":0,"pct":26.66},"branches":{"total":0,"covered":0,"skipped":0,"pct":100}}
,"/home/runner/work/app/app/src/app/services/firebase/training.service.ts": {"lines":{"total":37,"covered":5,"skipped":0,"pct":13.51},"functions":{"total":17,"covered":1,"skipped":0,"pct":5.88},"statements":{"total":37,"covered":5,"skipped":0,"pct":13.51},"branches":{"total":0,"covered":0,"skipped":0,"pct":100}}
,"/home/runner/work/app/app/src/app/services/firebase/user-profile.service.ts": {"lines":{"total":86,"covered":8,"skipped":0,"pct":9.3},"functions":{"total":32,"covered":1,"skipped":0,"pct":3.12},"statements":{"total":86,"covered":8,"skipped":0,"pct":9.3},"branches":{"total":13,"covered":0,"skipped":0,"pct":0}}
}
